<?xml version="1.0" encoding="UTF-8"?>
<!-- Generated by org.testng.reporters.JUnitXMLReporter -->
<testsuite hostname="LAPTOP-KDHL0MGF" ignored="3" name="Surefire test" tests="107" failures="0" timestamp="2023-04-06T18:03:06 GMT+07:00" time="63.481" errors="0">
  <testcase name="authAdministrator" time="12.161" classname="api.authorisation.AuthTest"/>
  <testcase name="authBlockedUser" time="0.391" classname="api.authorisation.AuthTest"/>
  <testcase name="authChiefEditor" time="0.479" classname="api.authorisation.AuthTest"/>
  <testcase name="authEditor" time="0.452" classname="api.authorisation.AuthTest"/>
  <testcase name="authModerator1" time="0.488" classname="api.authorisation.AuthTest"/>
  <testcase name="authModerator2" time="0.448" classname="api.authorisation.AuthTest"/>
  <testcase name="authWrongLogin" time="0.336" classname="api.authorisation.AuthTest"/>
  <testcase name="authWrongPassword" time="0.373" classname="api.authorisation.AuthTest"/>
  <testcase name="logout" time="2.614" classname="api.authorisation.AuthTest"/>
  <testcase name="moderationTabsForString" time="0.424" classname="api.content2.ContentAndModerationTest"/>
  <testcase name="createContentString" time="0.48" classname="api.content2.ContentAndModerationTest"/>
  <testcase name="checkCreatedContentStringAfterCreate" time="0.621" classname="api.content2.ContentAndModerationTest"/>
  <testcase name="editContentString" time="0.349" classname="api.content2.ContentAndModerationTest"/>
  <testcase name="checkCreatedContentStringAfterEdit" time="0.505" classname="api.content2.ContentAndModerationTest"/>
  <testcase name="moderationApproveEditorAfterCreateString" time="0.331" classname="api.content2.ContentAndModerationTest"/>
  <testcase name="moderationStringApproveModerator1" time="0.27" classname="api.content2.ContentAndModerationTest"/>
  <testcase name="moderationStringApproveModerator2" time="0.262" classname="api.content2.ContentAndModerationTest"/>
  <testcase name="moderationStringApproveChiefEditor" time="0.284" classname="api.content2.ContentAndModerationTest"/>
  <testcase name="moderationStringDecline" time="0.291" classname="api.content2.ContentAndModerationTest"/>
  <testcase name="moderationTabsForVideoAndStream" time="0.268" classname="api.content2.ContentAndModerationTest"/>
  <testcase name="createContentStream" time="0.441" classname="api.content2.ContentAndModerationTest"/>
  <testcase name="checkCreatedContentStreamAfterCreate" time="0.61" classname="api.content2.ContentAndModerationTest"/>
  <testcase name="editContentStream" time="0.356" classname="api.content2.ContentAndModerationTest"/>
  <testcase name="checkCreatedContentStreamAfterEdit" time="0.558" classname="api.content2.ContentAndModerationTest"/>
  <testcase name="moderationApproveEditorAfterCreateStream" time="0.459" classname="api.content2.ContentAndModerationTest"/>
  <testcase name="moderationStreamApproveModerator1" time="0.421" classname="api.content2.ContentAndModerationTest"/>
  <testcase name="moderationStreamApproveModerator2" time="0.373" classname="api.content2.ContentAndModerationTest"/>
  <testcase name="moderationStreamApproveChiefEditor" time="0.444" classname="api.content2.ContentAndModerationTest"/>
  <testcase name="moderationStreamDecline" time="0.291" classname="api.content2.ContentAndModerationTest"/>
  <testcase name="getGeoZones" time="0.448" classname="api.geozone.GeoZonesTest"/>
  <testcase name="getGeoZonesById" time="1.184" classname="api.geozone.GeoZonesTest"/>
  <testcase name="checkHashTags" time="0.893" classname="api.hashtag.HashTagTest"/>
  <testcase name="userLogsList" time="0.515" classname="api.logs.LogsTest"/>
  <testcase name="testCreateGroundMC" time="0.398" classname="api.mediacenters.GroundMediacentersTest"/>
  <testcase name="testFindCreatedGroundMC" time="0.346" classname="api.mediacenters.GroundMediacentersTest"/>
  <testcase name="testEditGroundMC" time="0.264" classname="api.mediacenters.GroundMediacentersTest"/>
  <testcase name="testFindEditedGroundMC" time="0.312" classname="api.mediacenters.GroundMediacentersTest"/>
  <testcase name="testDeleteGroundMediacomplex" time="0.289" classname="api.mediacenters.GroundMediacentersTest"/>
  <testcase name="testFindGroundMCAfterDelete" time="0.274" classname="api.mediacenters.GroundMediacentersTest"/>
  <testcase name="testCreateMetroMC" time="0.396" classname="api.mediacenters.MetroMediacentersTest"/>
  <testcase name="testFindCreatedMetroMC" time="0.305" classname="api.mediacenters.MetroMediacentersTest"/>
  <testcase name="testEditMetroMC" time="0.276" classname="api.mediacenters.MetroMediacentersTest"/>
  <testcase name="testFindMetroMCAfterEdit" time="0.227" classname="api.mediacenters.MetroMediacentersTest"/>
  <testcase name="testDeleteMetroMediacomplex" time="0.268" classname="api.mediacenters.MetroMediacentersTest"/>
  <testcase name="testFindMetroMCAfterDelete" time="0.199" classname="api.mediacenters.MetroMediacentersTest"/>
  <testcase name="checkMonitorResolution" time="0.277" classname="api.mediacenters.MobileMediacentersTest"/>
  <testcase name="mediaComplexList" time="3.087" classname="api.mediacenters.MobileMediacentersTest"/>
  <testcase name="testCreateMobileMC" time="0.29" classname="api.mediacenters.MobileMediacentersTest"/>
  <testcase name="findCreateMobileMediacomplex" time="0.303" classname="api.mediacenters.MobileMediacentersTest"/>
  <testcase name="testEditMobileMC" time="0.302" classname="api.mediacenters.MobileMediacentersTest"/>
  <testcase name="testFindMediacomplexAfterEdit" time="0.226" classname="api.mediacenters.MobileMediacentersTest"/>
  <testcase name="testDeleteMediacomplex" time="0.228" classname="api.mediacenters.MobileMediacentersTest"/>
  <testcase name="testFindMediacomplexAfterDelete" time="0.255" classname="api.mediacenters.MobileMediacentersTest"/>
  <testcase name="checkMediaCenterGroups" time="0.381" classname="api.mediacentersgroup.MediaCenterGroupsTest"/>
  <testcase name="createMediaCenterGroup" time="0.232" classname="api.mediacentersgroup.MediaCenterGroupsTest"/>
  <testcase name="errorCreateMediaCenterGroup" time="0.216" classname="api.mediacentersgroup.MediaCenterGroupsTest"/>
  <testcase name="createMobileMCForAdd" time="0.589" classname="api.mediacentersgroup.MediaCenterGroupsTest"/>
  <testcase name="addMediacomplexToGroup" time="0.308" classname="api.mediacentersgroup.MediaCenterGroupsTest"/>
  <testcase name="findMediacomplexAfterAddToGroup" time="0.328" classname="api.mediacentersgroup.MediaCenterGroupsTest"/>
  <testcase name="deleteMediacomplexFromGroup" time="0.249" classname="api.mediacentersgroup.MediaCenterGroupsTest"/>
  <testcase name="findMediacomplexAfterDeleteFromGroup" time="0.354" classname="api.mediacentersgroup.MediaCenterGroupsTest"/>
  <testcase name="updateMediaCenterGroup" time="0.267" classname="api.mediacentersgroup.MediaCenterGroupsTest"/>
  <testcase name="deleteMediacenterGroup" time="0.23" classname="api.mediacentersgroup.MediaCenterGroupsTest"/>
  <testcase name="testDeleteMediacomplex" time="0.312" classname="api.mediacentersgroup.MediaCenterGroupsTest"/>
  <testcase name="testFindMediacomplexAfterDelete" time="0.234" classname="api.mediacentersgroup.MediaCenterGroupsTest"/>
  <testcase name="createMediaplan" time="0.34" classname="api.mediaplanandplaylist.MediaplanAndPlaylistTest"/>
  <testcase name="findCreatedMediaplan" time="0.349" classname="api.mediaplanandplaylist.MediaplanAndPlaylistTest"/>
  <testcase name="editMediaplan" time="0.646" classname="api.mediaplanandplaylist.MediaplanAndPlaylistTest"/>
  <testcase name="findEditedMediaplan" time="0.304" classname="api.mediaplanandplaylist.MediaplanAndPlaylistTest"/>
  <testcase name="createPlaylist" time="0.27" classname="api.mediaplanandplaylist.MediaplanAndPlaylistTest"/>
  <testcase name="playlistSetActive" time="0.511" classname="api.mediaplanandplaylist.MediaplanAndPlaylistTest"/>
  <testcase name="setActivePlaylist" time="0.258" classname="api.mediaplanandplaylist.MediaplanAndPlaylistTest"/>
  <testcase name="getPlaylist" time="0.96" classname="api.mediaplanandplaylist.MediaplanAndPlaylistTest"/>
  <testcase name="createStreamContent" time="0.314" classname="api.mediaplanandplaylist.MediaplanAndPlaylistTest"/>
  <testcase name="checkCreatedContentStream" time="0.363" classname="api.mediaplanandplaylist.MediaplanAndPlaylistTest"/>
  <testcase name="moderationApproveEditor" time="0.347" classname="api.mediaplanandplaylist.MediaplanAndPlaylistTest"/>
  <testcase name="moderationApproveModerator1" time="0.956" classname="api.mediaplanandplaylist.MediaplanAndPlaylistTest"/>
  <testcase name="moderationApproveModerator2" time="0.35" classname="api.mediaplanandplaylist.MediaplanAndPlaylistTest"/>
  <testcase name="moderationApproveChiefEditor" time="0.384" classname="api.mediaplanandplaylist.MediaplanAndPlaylistTest"/>
  <testcase name="editPlaylistByaddContentOnPlaylist" time="0.638" classname="api.mediaplanandplaylist.MediaplanAndPlaylistTest"/>
  <testcase name="playlistSetActiveAfterEdit" time="0.421" classname="api.mediaplanandplaylist.MediaplanAndPlaylistTest"/>
  <testcase name="setActivePlaylistAfterEdit" time="0.319" classname="api.mediaplanandplaylist.MediaplanAndPlaylistTest"/>
  <testcase name="getPlaylistAfterEdit" time="0.542" classname="api.mediaplanandplaylist.MediaplanAndPlaylistTest"/>
  <testcase name="checkMediaplanAfterEditPlaylist" time="0.498" classname="api.mediaplanandplaylist.MediaplanAndPlaylistTest"/>
  <testcase name="clearMediaplan" time="0.288" classname="api.mediaplanandplaylist.MediaplanAndPlaylistTest"/>
  <testcase name="checkMediaplanAfterClear" time="0.245" classname="api.mediaplanandplaylist.MediaplanAndPlaylistTest"/>
  <testcase name="deleteMediaplan" time="0.218" classname="api.mediaplanandplaylist.MediaplanAndPlaylistTest"/>
  <testcase name="findDeletedMediaplan" time="0.199" classname="api.mediaplanandplaylist.MediaplanAndPlaylistTest"/>
  <testcase name="moderationContentDecline" time="0.246" classname="api.mediaplanandplaylist.MediaplanAndPlaylistTest"/>
  <testcase name="checkGroundMediaplanGroup" time="0.983" classname="api.mediaplangroups.MediaplanGroupTest"/>
  <testcase name="createGroundMediaplanGroup" time="0.269" classname="api.mediaplangroups.MediaplanGroupTest"/>
  <testcase name="editGroundMediaplanGroup" time="0.241" classname="api.mediaplangroups.MediaplanGroupTest"/>
  <testcase name="deleteMediaplanGroup" time="0.285" classname="api.mediaplangroups.MediaplanGroupTest"/>
  <testcase name="checkTransportAttribute" time="0.201" classname="api.transport.TransportTest"/>
  <testcase name="busTransportRoutes" time="0.692" classname="api.transportroutes.TransportRoutesTest"/>
  <testcase name="metroTransportRoutes" time="0.435" classname="api.transportroutes.TransportRoutesTest"/>
  <testcase name="trammTransportRoutes" time="0.397" classname="api.transportroutes.TransportRoutesTest"/>
  <testcase name="trollTransportRoutes" time="0.288" classname="api.transportroutes.TransportRoutesTest"/>
  <testcase name="authAdministrator" time="0.298" classname="api.users.TestUsers"/>
  <testcase name="getUserList" time="0.391" classname="api.users.TestUsers"/>
  <testcase name="testGroundTransportStatistics" time="1.983" classname="innerApiForSchedule.InnerApiForSchedulerTest"/>
  <testcase name="testMetroStatistics" time="1.107" classname="innerApiForSchedule.InnerApiForSchedulerTest"/>
  <testcase name="testSettingsData" time="2.038" classname="innerApiForSchedule.InnerApiForSchedulerTest"/>
  <testcase name="testStationMonitors" time="0.732" classname="innerApiForSchedule.InnerApiForSchedulerTest"/>
  <testcase name="testStationaryMonitors" time="0.208" classname="innerApiForSchedule.InnerApiForSchedulerTest"/>
  <testcase name="testStatusStreamMM" time="0.882" classname="innerApiForSchedule.InnerApiForSchedulerTest"/>
  <testcase name="testTransportLocation" time="0.235" classname="innerApiForSchedule.InnerApiForSchedulerTest"/>
  <testcase name="errorCreateHashTag" time="0.0" classname="api.hashtag.HashTagTest">
    <ignored/>
  </testcase> <!-- errorCreateHashTag -->
  <testcase name="moderationDecline" time="0.0" classname="api.mediaplanandplaylist.MediaplanAndPlaylistTest">
    <ignored/>
  </testcase> <!-- moderationDecline -->
  <testcase name="createHashTag" time="0.0" classname="api.hashtag.HashTagTest">
    <ignored/>
  </testcase> <!-- createHashTag -->
</testsuite> <!-- Surefire test -->
